<?xml version="1.0" encoding="UTF-8"?>
<!-- Generated by org.testng.reporters.JUnitXMLReporter -->
<testsuite hostname="Romi" name="Test" tests="1" failures="1" timestamp="16 Dec 2016 16:42:32 GMT" time="91.631" errors="0">
  <testcase name="TA_258" time="30.468" classname="test_scenarios_archana.Test_Scenario_Archana">
    <failure type="java.lang.NullPointerException">
      <![CDATA[java.lang.NullPointerException
	at org.openqa.selenium.remote.RemoteWebDriver.findElement(RemoteWebDriver.java:360)
	at activities.BaseMethods.clickOn(BaseMethods.java:25)
	at page_objects.PackagesAndFlights.selectOnAirline(PackagesAndFlights.java:310)
	at test_scenarios_archana.Test_Scenario_Archana.TA_258(Test_Scenario_Archana.java:112)
... Removed 25 stack frames]]>
    </failure>
  </testcase> <!-- TA_258 -->
</testsuite> <!-- Test -->
