<?xml version="1.0" encoding="UTF-8"?>
<testng-results skipped="0" failed="1" total="1" passed="0">
  <reporter-output>
  </reporter-output>
  <suite name="Suite" duration-ms="91631" started-at="2016-12-16T16:41:00Z" finished-at="2016-12-16T16:42:32Z">
    <groups>
    </groups>
    <test name="Test" duration-ms="91631" started-at="2016-12-16T16:41:00Z" finished-at="2016-12-16T16:42:32Z">
      <class name="test_scenarios_archana.Test_Scenario_Archana">
        <test-method status="PASS" signature="openDriver(java.lang.String)[pri:0, instance:test_scenarios_archana.Test_Scenario_Archana@69f0b0f4]" name="openDriver" is-config="true" duration-ms="35309" started-at="2016-12-16T11:41:01Z" finished-at="2016-12-16T11:41:36Z">
          <params>
            <param index="0">
              <value>
                <![CDATA[chrome]]>
              </value>
            </param>
          </params>
          <reporter-output>
          </reporter-output>
        </test-method> <!-- openDriver -->
        <test-method status="PASS" signature="goToHomePage(java.lang.String)[pri:0, instance:test_scenarios_archana.Test_Scenario_Archana@69f0b0f4]" name="goToHomePage" is-config="true" duration-ms="9825" started-at="2016-12-16T11:41:36Z" finished-at="2016-12-16T11:41:46Z">
          <params>
            <param index="0">
              <value>
                <![CDATA[chrome]]>
              </value>
            </param>
          </params>
          <reporter-output>
          </reporter-output>
        </test-method> <!-- goToHomePage -->
        <test-method status="FAIL" signature="TA_258()[pri:0, instance:test_scenarios_archana.Test_Scenario_Archana@69f0b0f4]" name="TA_258" duration-ms="30468" started-at="2016-12-16T11:41:46Z" finished-at="2016-12-16T11:42:16Z">
          <exception class="java.lang.NullPointerException">
            <full-stacktrace>
              <![CDATA[java.lang.NullPointerException
	at org.openqa.selenium.remote.RemoteWebDriver.findElement(RemoteWebDriver.java:360)
	at activities.BaseMethods.clickOn(BaseMethods.java:25)
	at page_objects.PackagesAndFlights.selectOnAirline(PackagesAndFlights.java:310)
	at test_scenarios_archana.Test_Scenario_Archana.TA_258(Test_Scenario_Archana.java:112)
	at sun.reflect.NativeMethodAccessorImpl.invoke0(Native Method)
	at sun.reflect.NativeMethodAccessorImpl.invoke(Unknown Source)
	at sun.reflect.DelegatingMethodAccessorImpl.invoke(Unknown Source)
	at java.lang.reflect.Method.invoke(Unknown Source)
	at org.testng.internal.MethodInvocationHelper.invokeMethod(MethodInvocationHelper.java:100)
	at org.testng.internal.Invoker.invokeMethod(Invoker.java:646)
	at org.testng.internal.Invoker.invokeTestMethod(Invoker.java:811)
	at org.testng.internal.Invoker.invokeTestMethods(Invoker.java:1137)
	at org.testng.internal.TestMethodWorker.invokeTestMethods(TestMethodWorker.java:129)
	at org.testng.internal.TestMethodWorker.run(TestMethodWorker.java:112)
	at org.testng.TestRunner.privateRun(TestRunner.java:753)
	at org.testng.TestRunner.run(TestRunner.java:607)
	at org.testng.SuiteRunner.runTest(SuiteRunner.java:368)
	at org.testng.SuiteRunner.runSequentially(SuiteRunner.java:363)
	at org.testng.SuiteRunner.privateRun(SuiteRunner.java:321)
	at org.testng.SuiteRunner.run(SuiteRunner.java:270)
	at org.testng.SuiteRunnerWorker.runSuite(SuiteRunnerWorker.java:52)
	at org.testng.SuiteRunnerWorker.run(SuiteRunnerWorker.java:86)
	at org.testng.TestNG.runSuitesSequentially(TestNG.java:1284)
	at org.testng.TestNG.runSuitesLocally(TestNG.java:1209)
	at org.testng.TestNG.runSuites(TestNG.java:1124)
	at org.testng.TestNG.run(TestNG.java:1096)
	at org.testng.remote.AbstractRemoteTestNG.run(AbstractRemoteTestNG.java:132)
	at org.testng.remote.RemoteTestNG.initAndRun(RemoteTestNG.java:236)
	at org.testng.remote.RemoteTestNG.main(RemoteTestNG.java:81)
]]>
            </full-stacktrace>
          </exception> <!-- java.lang.NullPointerException -->
          <reporter-output>
          </reporter-output>
        </test-method> <!-- TA_258 -->
        <test-method status="PASS" signature="deleteCookies()[pri:0, instance:test_scenarios_archana.Test_Scenario_Archana@69f0b0f4]" name="deleteCookies" is-config="true" duration-ms="7061" started-at="2016-12-16T11:42:19Z" finished-at="2016-12-16T11:42:26Z">
          <reporter-output>
          </reporter-output>
        </test-method> <!-- deleteCookies -->
        <test-method status="PASS" signature="tearDown()[pri:0, instance:test_scenarios_archana.Test_Scenario_Archana@69f0b0f4]" name="tearDown" is-config="true" duration-ms="6233" started-at="2016-12-16T11:42:26Z" finished-at="2016-12-16T11:42:32Z">
          <reporter-output>
          </reporter-output>
        </test-method> <!-- tearDown -->
      </class> <!-- test_scenarios_archana.Test_Scenario_Archana -->
    </test> <!-- Test -->
  </suite> <!-- Suite -->
</testng-results>
